生成启动时间为 2021/12/4 12:02:38。
     1>项目“F:\VS2013\leaf-sub-pixel-edge-detect-master\sub-pixel-edge-detect-master\sub-pixel-edge-detect-master.vcxproj”在节点 2 上(Build 个目标)。
     1>ClCompile:
         D:\VS2013\VC\bin\x86_amd64\CL.exe /c /I"F:\VS2013\leaf-sub-pixel-edge-detect-master\3rdParty\opencv249\include" /I"F:\VS2013\leaf-sub-pixel-edge-detect-master\3rdParty\opencv249\include\opencv" /I"F:\VS2013\leaf-sub-pixel-edge-detect-master\3rdParty\opencv249\include\opencv2" /Zi /nologo /W3 /WX- /sdl /O2 /Oi /GL /D _CRT_SECURE_NO_WARNINGS /D _MBCS /Gm- /EHsc /MD /GS /Gy /fp:precise /Zc:wchar_t /Zc:forScope /Fo"x64\Release\\" /Fd"x64\Release\vc120.pdb" /Gd /TP /errorReport:prompt main.cpp
         main.cpp
     1>main.cpp(64): warning C4267: “初始化”: 从“size_t”转换到“int”，可能丢失数据
     1>main.cpp(273): warning C4267: “=”: 从“size_t”转换到“int”，可能丢失数据
     1>main.cpp(281): warning C4267: “参数”: 从“size_t”转换到“int”，可能丢失数据
     1>main.cpp(282): warning C4267: “=”: 从“size_t”转换到“int”，可能丢失数据
     1>main.cpp(294): warning C4267: “初始化”: 从“size_t”转换到“int”，可能丢失数据
     1>main.cpp(333): warning C4244: “=”: 从“double”转换到“int”，可能丢失数据
     1>main.cpp(334): warning C4244: “=”: 从“double”转换到“int”，可能丢失数据
     1>main.cpp(335): warning C4244: “=”: 从“double”转换到“int”，可能丢失数据
     1>main.cpp(336): warning C4244: “=”: 从“double”转换到“int”，可能丢失数据
       Link:
         D:\VS2013\VC\bin\x86_amd64\link.exe /ERRORREPORT:PROMPT /OUT:"F:\VS2013\leaf-sub-pixel-edge-detect-master\x64\Release\sub-pixel-edge-detect-master.exe" /NOLOGO /LIBPATH:"F:\VS2013\leaf-sub-pixel-edge-detect-master\3rdParty\opencv249\x64\vc12\lib" opencv_objdetect249.lib opencv_ts249.lib opencv_video249.lib opencv_nonfree249.lib opencv_ocl249.lib opencv_photo249.lib opencv_stitching249.lib opencv_superres249.lib opencv_videostab249.lib opencv_calib3d249.lib opencv_contrib249.lib opencv_core249.lib opencv_features2d249.lib opencv_flann249.lib opencv_gpu249.lib opencv_highgui249.lib opencv_imgproc249.lib opencv_legacy249.lib opencv_ml249.lib kernel32.lib user32.lib gdi32.lib winspool.lib comdlg32.lib advapi32.lib shell32.lib ole32.lib oleaut32.lib uuid.lib odbc32.lib odbccp32.lib /MANIFEST /MANIFESTUAC:"level='asInvoker' uiAccess='false'" /manifest:embed /DEBUG /PDB:"F:\VS2013\leaf-sub-pixel-edge-detect-master\x64\Release\sub-pixel-edge-detect-master.pdb" /OPT:REF /OPT:ICF /LTCG /TLBID:1 /DYNAMICBASE /NXCOMPAT /IMPLIB:"F:\VS2013\leaf-sub-pixel-edge-detect-master\x64\Release\sub-pixel-edge-detect-master.lib" /MACHINE:X64 x64\Release\edgeTest.obj
         x64\Release\main.obj
         正在生成代码
         已完成代码的生成
         sub-pixel-edge-detect-master.vcxproj -> F:\VS2013\leaf-sub-pixel-edge-detect-master\x64\Release\sub-pixel-edge-detect-master.exe
     1>已完成生成项目“F:\VS2013\leaf-sub-pixel-edge-detect-master\sub-pixel-edge-detect-master\sub-pixel-edge-detect-master.vcxproj”(Build 个目标)的操作。

生成成功。

已用时间 00:00:01.58
